<?xml version="1.0" encoding="UTF-8"?>
<!-- Generated by org.testng.reporters.JUnitReportReporter -->
<testsuite skipped="0" hostname="Ayses-MBP.home" name="TestPages.CoursesPageTest" tests="2" failures="0" timestamp="15 Apr 2020 02:01:23 GMT" time="21.952" errors="0">
  <testcase name="getCoursesPageTitle" time="6.651" classname="TestPages.CoursesPageTest"/>
  <testcase name="SelectCourse" time="15.301" classname="TestPages.CoursesPageTest"/>
</testsuite> <!-- TestPages.CoursesPageTest -->
