<?xml version="1.0" encoding="UTF-8"?>
<!-- Generated by org.testng.reporters.JUnitReportReporter -->
<testsuite skipped="0" hostname="Ayses-MBP.home" name="TestPages.HomePageTest" tests="1" failures="0" timestamp="17 May 2020 05:27:29 GMT" time="14.820" errors="0">
  <testcase name="applePlayer" time="14.820" classname="TestPages.HomePageTest"/>
</testsuite> <!-- TestPages.HomePageTest -->
